<?xml version="1.0" encoding="UTF-8"?>
<!-- Generated by org.testng.reporters.JUnitReportReporter -->
<testsuite skipped="0" hostname="5CG7084L91840" name="com.acttime.customertest.CustomerTest" tests="2" failures="0" timestamp="11 Jun 2018 10:51:56 GMT" time="15.121" errors="0">
  <testcase name="createCustomerTest" time="8.621" classname="com.acttime.customertest.CustomerTest"/>
  <testcase name="createCustomerWitDecTest" time="6.500" classname="com.acttime.customertest.CustomerTest"/>
</testsuite> <!-- com.acttime.customertest.CustomerTest -->
